2022-10-04 09:44:57 error: Get Json error : https://searchapi-preqa2.samsung.com/v6/front/b2b/product/finder?type=01020000&siteCode=sa&start=1&num=12&sort=newest&onlyFilterInfoYN=N&keySummaryYN=Y&shopType=b2bhybris
2022-10-04 09:44:57 error: Get Json error : https://searchapi-preqa2.samsung.com/v6/front/b2b/product/finder?type=01020000&siteCode=sa&start=1&num=12&sort=newest&onlyFilterInfoYN=N&keySummaryYN=Y&shopType=b2bhybris
2022-10-04 09:44:57 error: Get Json error : https://searchapi-preqa2.samsung.com/v6/front/b2b/product/finder?type=01020000&siteCode=sa&start=1&num=12&sort=newest&onlyFilterInfoYN=N&keySummaryYN=Y&shopType=b2bhybris
2022-10-04 09:44:57 error: Get Json error : https://searchapi-preqa2.samsung.com/v6/front/b2b/product/finder?type=01020000&siteCode=sa&start=1&num=12&sort=newest&onlyFilterInfoYN=N&keySummaryYN=Y&shopType=b2bhybris
2022-10-04 09:44:57 error: Get Json error : https://searchapi-preqa2.samsung.com/v6/front/b2b/product/finder?type=01020000&siteCode=sa&start=1&num=12&sort=newest&onlyFilterInfoYN=N&keySummaryYN=Y&shopType=b2bhybris
2022-10-04 09:44:57 error: Get Json error : https://searchapi-preqa2.samsung.com/v6/front/b2b/product/finder?type=01020000&siteCode=sa&start=1&num=12&sort=newest&onlyFilterInfoYN=N&keySummaryYN=Y&shopType=b2bhybris
2022-10-04 09:44:57 error: Cannot Save API Data : https://searchapi-preqa2.samsung.com/v6/front/b2b/product/finder?type=01020000&siteCode=sa&start=1&num=12&sort=newest&onlyFilterInfoYN=N&keySummaryYN=Y&shopType=b2bhybris
2022-10-04 09:44:57 info: Retry Get Json [Retry: 1] : https://searchapi-preqa2.samsung.com/v6/front/b2b/product/finder?type=01020000&siteCode=sa&start=1&num=12&sort=newest&onlyFilterInfoYN=N&keySummaryYN=Y&shopType=b2bhybris
2022-10-04 09:44:57 error: Get Json error : https://searchapi-preqa2.samsung.com/v6/front/b2b/product/finder?type=01020000&siteCode=sa&start=1&num=12&sort=newest&onlyFilterInfoYN=N&keySummaryYN=Y&shopType=b2bhybris
2022-10-04 09:44:57 info: Retry Get Json [Retry: 2] : https://searchapi-preqa2.samsung.com/v6/front/b2b/product/finder?type=01020000&siteCode=sa&start=1&num=12&sort=newest&onlyFilterInfoYN=N&keySummaryYN=Y&shopType=b2bhybris
2022-10-04 09:44:57 error: Get Json error : https://searchapi-preqa2.samsung.com/v6/front/b2b/product/finder?type=01020000&siteCode=sa&start=1&num=12&sort=newest&onlyFilterInfoYN=N&keySummaryYN=Y&shopType=b2bhybris
2022-10-04 09:44:57 info: Retry Get Json [Retry: 3] : https://searchapi-preqa2.samsung.com/v6/front/b2b/product/finder?type=01020000&siteCode=sa&start=1&num=12&sort=newest&onlyFilterInfoYN=N&keySummaryYN=Y&shopType=b2bhybris
2022-10-04 09:44:57 error: Get Json error : https://searchapi-preqa2.samsung.com/v6/front/b2b/product/finder?type=01020000&siteCode=sa&start=1&num=12&sort=newest&onlyFilterInfoYN=N&keySummaryYN=Y&shopType=b2bhybris
2022-10-04 09:44:57 info: Retry Get Json [Retry: 4] : https://searchapi-preqa2.samsung.com/v6/front/b2b/product/finder?type=01020000&siteCode=sa&start=1&num=12&sort=newest&onlyFilterInfoYN=N&keySummaryYN=Y&shopType=b2bhybris
2022-10-04 09:44:57 error: Get Json error : https://searchapi-preqa2.samsung.com/v6/front/b2b/product/finder?type=01020000&siteCode=sa&start=1&num=12&sort=newest&onlyFilterInfoYN=N&keySummaryYN=Y&shopType=b2bhybris
2022-10-04 09:44:57 error: Cannot Save API Data : https://searchapi-preqa2.samsung.com/v6/front/b2b/product/finder?type=01020000&siteCode=sa&start=1&num=12&sort=newest&onlyFilterInfoYN=N&keySummaryYN=Y&shopType=b2bhybris
2022-10-04 09:44:57 error: Get Json error : https://searchapi-preqa2.samsung.com/v6/front/b2b/product/finder?type=07010000&siteCode=sa_en&start=1&num=12&sort=newest&onlyFilterInfoYN=N&keySummaryYN=Y&shopType=b2bhybris
2022-10-04 09:44:57 error: Get Json error : https://searchapi-preqa2.samsung.com/v6/front/b2b/product/finder?type=07010000&siteCode=sa_en&start=1&num=12&sort=newest&onlyFilterInfoYN=N&keySummaryYN=Y&shopType=b2bhybris
2022-10-04 09:44:57 error: Get Json error : https://searchapi-preqa2.samsung.com/v6/front/b2b/product/finder?type=07010000&siteCode=sa_en&start=1&num=12&sort=newest&onlyFilterInfoYN=N&keySummaryYN=Y&shopType=b2bhybris
2022-10-04 09:44:57 info: Retry Get Json [Retry: 1] : https://searchapi-preqa2.samsung.com/v6/front/b2b/product/finder?type=07010000&siteCode=sa_en&start=1&num=12&sort=newest&onlyFilterInfoYN=N&keySummaryYN=Y&shopType=b2bhybris
2022-10-04 09:44:57 error: Get Json error : https://searchapi-preqa2.samsung.com/v6/front/b2b/product/finder?type=07010000&siteCode=sa_en&start=1&num=12&sort=newest&onlyFilterInfoYN=N&keySummaryYN=Y&shopType=b2bhybris
2022-10-04 09:44:57 error: Get Json error : https://searchapi-preqa2.samsung.com/v6/front/b2b/product/finder?type=07010000&siteCode=sa_en&start=1&num=12&sort=newest&onlyFilterInfoYN=N&keySummaryYN=Y&shopType=b2bhybris
2022-10-04 09:44:57 error: Get Json error : https://searchapi-preqa2.samsung.com/v6/front/b2b/product/finder?type=07010000&siteCode=sa_en&start=1&num=12&sort=newest&onlyFilterInfoYN=N&keySummaryYN=Y&shopType=b2bhybris
2022-10-04 09:44:57 error: Get Json error : https://searchapi-preqa2.samsung.com/v6/front/b2b/product/finder?type=07010000&siteCode=sa_en&start=1&num=12&sort=newest&onlyFilterInfoYN=N&keySummaryYN=Y&shopType=b2bhybris
2022-10-04 09:44:57 info: Retry Get Json [Retry: 2] : https://searchapi-preqa2.samsung.com/v6/front/b2b/product/finder?type=07010000&siteCode=sa_en&start=1&num=12&sort=newest&onlyFilterInfoYN=N&keySummaryYN=Y&shopType=b2bhybris
2022-10-04 09:44:57 error: Cannot Save API Data : https://searchapi-preqa2.samsung.com/v6/front/b2b/product/finder?type=07010000&siteCode=sa_en&start=1&num=12&sort=newest&onlyFilterInfoYN=N&keySummaryYN=Y&shopType=b2bhybris
2022-10-04 09:44:57 error: Get Json error : https://searchapi-preqa2.samsung.com/v6/front/b2b/product/finder?type=07010000&siteCode=sa_en&start=1&num=12&sort=newest&onlyFilterInfoYN=N&keySummaryYN=Y&shopType=b2bhybris
2022-10-04 09:44:57 info: Retry Get Json [Retry: 3] : https://searchapi-preqa2.samsung.com/v6/front/b2b/product/finder?type=07010000&siteCode=sa_en&start=1&num=12&sort=newest&onlyFilterInfoYN=N&keySummaryYN=Y&shopType=b2bhybris
2022-10-04 09:44:57 error: Get Json error : https://searchapi-preqa2.samsung.com/v6/front/b2b/product/finder?type=07010000&siteCode=sa_en&start=1&num=12&sort=newest&onlyFilterInfoYN=N&keySummaryYN=Y&shopType=b2bhybris
2022-10-04 09:44:57 info: Retry Get Json [Retry: 4] : https://searchapi-preqa2.samsung.com/v6/front/b2b/product/finder?type=07010000&siteCode=sa_en&start=1&num=12&sort=newest&onlyFilterInfoYN=N&keySummaryYN=Y&shopType=b2bhybris
2022-10-04 09:44:57 error: Get Json error : https://searchapi-preqa2.samsung.com/v6/front/b2b/product/finder?type=07010000&siteCode=sa_en&start=1&num=12&sort=newest&onlyFilterInfoYN=N&keySummaryYN=Y&shopType=b2bhybris
2022-10-04 09:44:57 error: Cannot Save API Data : https://searchapi-preqa2.samsung.com/v6/front/b2b/product/finder?type=07010000&siteCode=sa_en&start=1&num=12&sort=newest&onlyFilterInfoYN=N&keySummaryYN=Y&shopType=b2bhybris
