2022-09-26 15:45:18 error: Get Json error : https://searchapi-preqa2.samsung.com/v6/front/b2b/product/finder?type=07010000&siteCode=sa_en&start=1&num=12&sort=newest&onlyFilterInfoYN=N&keySummaryYN=Y&shopType=b2bhybris
2022-09-26 15:45:18 error: Get Json error : https://searchapi-preqa2.samsung.com/v6/front/b2b/product/finder?type=07010000&siteCode=sa_en&start=1&num=12&sort=newest&onlyFilterInfoYN=N&keySummaryYN=Y&shopType=b2bhybris
2022-09-26 15:45:18 error: Get Json error : https://searchapi-preqa2.samsung.com/v6/front/b2b/product/finder?type=07010000&siteCode=sa_en&start=1&num=12&sort=newest&onlyFilterInfoYN=N&keySummaryYN=Y&shopType=b2bhybris
2022-09-26 15:45:18 info: Retry Get Json [Retry: 1] : https://searchapi-preqa2.samsung.com/v6/front/b2b/product/finder?type=07010000&siteCode=sa_en&start=1&num=12&sort=newest&onlyFilterInfoYN=N&keySummaryYN=Y&shopType=b2bhybris
2022-09-26 15:45:18 error: Get Json error : https://searchapi-preqa2.samsung.com/v6/front/b2b/product/finder?type=07010000&siteCode=sa_en&start=1&num=12&sort=newest&onlyFilterInfoYN=N&keySummaryYN=Y&shopType=b2bhybris
2022-09-26 15:45:18 error: Get Json error : https://searchapi-preqa2.samsung.com/v6/front/b2b/product/finder?type=07010000&siteCode=sa_en&start=1&num=12&sort=newest&onlyFilterInfoYN=N&keySummaryYN=Y&shopType=b2bhybris
2022-09-26 15:45:18 error: Get Json error : https://searchapi-preqa2.samsung.com/v6/front/b2b/product/finder?type=07010000&siteCode=sa_en&start=1&num=12&sort=newest&onlyFilterInfoYN=N&keySummaryYN=Y&shopType=b2bhybris
2022-09-26 15:45:18 info: Retry Get Json [Retry: 2] : https://searchapi-preqa2.samsung.com/v6/front/b2b/product/finder?type=07010000&siteCode=sa_en&start=1&num=12&sort=newest&onlyFilterInfoYN=N&keySummaryYN=Y&shopType=b2bhybris
2022-09-26 15:45:18 error: Get Json error : https://searchapi-preqa2.samsung.com/v6/front/b2b/product/finder?type=07010000&siteCode=sa_en&start=1&num=12&sort=newest&onlyFilterInfoYN=N&keySummaryYN=Y&shopType=b2bhybris
2022-09-26 15:45:18 error: Get Json error : https://searchapi-preqa2.samsung.com/v6/front/b2b/product/finder?type=07010000&siteCode=sa_en&start=1&num=12&sort=newest&onlyFilterInfoYN=N&keySummaryYN=Y&shopType=b2bhybris
2022-09-26 15:45:18 error: Cannot Save API Data : https://searchapi-preqa2.samsung.com/v6/front/b2b/product/finder?type=07010000&siteCode=sa_en&start=1&num=12&sort=newest&onlyFilterInfoYN=N&keySummaryYN=Y&shopType=b2bhybris
2022-09-26 15:45:18 info: Retry Get Json [Retry: 3] : https://searchapi-preqa2.samsung.com/v6/front/b2b/product/finder?type=07010000&siteCode=sa_en&start=1&num=12&sort=newest&onlyFilterInfoYN=N&keySummaryYN=Y&shopType=b2bhybris
2022-09-26 15:45:18 error: Get Json error : https://searchapi-preqa2.samsung.com/v6/front/b2b/product/finder?type=07010000&siteCode=sa_en&start=1&num=12&sort=newest&onlyFilterInfoYN=N&keySummaryYN=Y&shopType=b2bhybris
2022-09-26 15:45:18 info: Retry Get Json [Retry: 4] : https://searchapi-preqa2.samsung.com/v6/front/b2b/product/finder?type=07010000&siteCode=sa_en&start=1&num=12&sort=newest&onlyFilterInfoYN=N&keySummaryYN=Y&shopType=b2bhybris
2022-09-26 15:45:18 error: Get Json error : https://searchapi-preqa2.samsung.com/v6/front/b2b/product/finder?type=07010000&siteCode=sa_en&start=1&num=12&sort=newest&onlyFilterInfoYN=N&keySummaryYN=Y&shopType=b2bhybris
2022-09-26 15:45:18 error: Cannot Save API Data : https://searchapi-preqa2.samsung.com/v6/front/b2b/product/finder?type=07010000&siteCode=sa_en&start=1&num=12&sort=newest&onlyFilterInfoYN=N&keySummaryYN=Y&shopType=b2bhybris
2022-09-26 15:45:20 error: Get Json error : https://searchapi-preqa2.samsung.com/v6/front/b2b/product/finder?type=08060000&siteCode=pl&start=97&num=12&sort=newest&onlyFilterInfoYN=N&keySummaryYN=Y&shopType=b2bhybris
2022-09-26 15:45:20 error: Get Json error : https://searchapi-preqa2.samsung.com/v6/front/b2b/product/finder?type=08060000&siteCode=pl&start=97&num=12&sort=newest&onlyFilterInfoYN=N&keySummaryYN=Y&shopType=b2bhybris
2022-09-26 15:45:20 error: Get Json error : https://searchapi-preqa2.samsung.com/v6/front/b2b/product/finder?type=08060000&siteCode=pl&start=97&num=12&sort=newest&onlyFilterInfoYN=N&keySummaryYN=Y&shopType=b2bhybris
2022-09-26 15:45:20 error: Get Json error : https://searchapi-preqa2.samsung.com/v6/front/b2b/product/finder?type=08060000&siteCode=pl&start=97&num=12&sort=newest&onlyFilterInfoYN=N&keySummaryYN=Y&shopType=b2bhybris
2022-09-26 15:45:20 error: Get Json error : https://searchapi-preqa2.samsung.com/v6/front/b2b/product/finder?type=08060000&siteCode=pl&start=97&num=12&sort=newest&onlyFilterInfoYN=N&keySummaryYN=Y&shopType=b2bhybris
2022-09-26 15:45:20 error: Get Json error : https://searchapi-preqa2.samsung.com/v6/front/b2b/product/finder?type=08060000&siteCode=pl&start=97&num=12&sort=newest&onlyFilterInfoYN=N&keySummaryYN=Y&shopType=b2bhybris
2022-09-26 15:45:20 error: Cannot Save API Data : https://searchapi-preqa2.samsung.com/v6/front/b2b/product/finder?type=08060000&siteCode=pl&start=97&num=12&sort=newest&onlyFilterInfoYN=N&keySummaryYN=Y&shopType=b2bhybris
2022-09-26 15:45:20 info: Retry Get Json [Retry: 1] : https://searchapi-preqa2.samsung.com/v6/front/b2b/product/finder?type=08060000&siteCode=pl&start=97&num=12&sort=newest&onlyFilterInfoYN=N&keySummaryYN=Y&shopType=b2bhybris
2022-09-26 15:45:20 error: Get Json error : https://searchapi-preqa2.samsung.com/v6/front/b2b/product/finder?type=08060000&siteCode=pl&start=97&num=12&sort=newest&onlyFilterInfoYN=N&keySummaryYN=Y&shopType=b2bhybris
2022-09-26 15:45:20 info: Retry Get Json [Retry: 2] : https://searchapi-preqa2.samsung.com/v6/front/b2b/product/finder?type=08060000&siteCode=pl&start=97&num=12&sort=newest&onlyFilterInfoYN=N&keySummaryYN=Y&shopType=b2bhybris
2022-09-26 15:45:20 error: Get Json error : https://searchapi-preqa2.samsung.com/v6/front/b2b/product/finder?type=08060000&siteCode=pl&start=97&num=12&sort=newest&onlyFilterInfoYN=N&keySummaryYN=Y&shopType=b2bhybris
2022-09-26 15:45:20 info: Retry Get Json [Retry: 3] : https://searchapi-preqa2.samsung.com/v6/front/b2b/product/finder?type=08060000&siteCode=pl&start=97&num=12&sort=newest&onlyFilterInfoYN=N&keySummaryYN=Y&shopType=b2bhybris
2022-09-26 15:45:20 error: Get Json error : https://searchapi-preqa2.samsung.com/v6/front/b2b/product/finder?type=08060000&siteCode=pl&start=97&num=12&sort=newest&onlyFilterInfoYN=N&keySummaryYN=Y&shopType=b2bhybris
2022-09-26 15:45:20 info: Retry Get Json [Retry: 4] : https://searchapi-preqa2.samsung.com/v6/front/b2b/product/finder?type=08060000&siteCode=pl&start=97&num=12&sort=newest&onlyFilterInfoYN=N&keySummaryYN=Y&shopType=b2bhybris
2022-09-26 15:45:20 error: Get Json error : https://searchapi-preqa2.samsung.com/v6/front/b2b/product/finder?type=08060000&siteCode=pl&start=97&num=12&sort=newest&onlyFilterInfoYN=N&keySummaryYN=Y&shopType=b2bhybris
2022-09-26 15:45:20 error: Cannot Save API Data : https://searchapi-preqa2.samsung.com/v6/front/b2b/product/finder?type=08060000&siteCode=pl&start=97&num=12&sort=newest&onlyFilterInfoYN=N&keySummaryYN=Y&shopType=b2bhybris
2022-09-26 15:55:56 error: Get Json error : https://searchapi-preqa2.samsung.com/v6/front/b2b/product/finder?type=07020000&siteCode=pl&start=25&num=12&sort=newest&onlyFilterInfoYN=N&keySummaryYN=Y&shopType=b2bhybris
2022-09-26 15:55:56 error: Get Json error : https://searchapi-preqa2.samsung.com/v6/front/b2b/product/finder?type=07020000&siteCode=pl&start=25&num=12&sort=newest&onlyFilterInfoYN=N&keySummaryYN=Y&shopType=b2bhybris
2022-09-26 15:55:56 error: Get Json error : https://searchapi-preqa2.samsung.com/v6/front/b2b/product/finder?type=07020000&siteCode=pl&start=25&num=12&sort=newest&onlyFilterInfoYN=N&keySummaryYN=Y&shopType=b2bhybris
2022-09-26 15:55:56 error: Get Json error : https://searchapi-preqa2.samsung.com/v6/front/b2b/product/finder?type=07020000&siteCode=pl&start=25&num=12&sort=newest&onlyFilterInfoYN=N&keySummaryYN=Y&shopType=b2bhybris
2022-09-26 15:55:56 error: Get Json error : https://searchapi-preqa2.samsung.com/v6/front/b2b/product/finder?type=07020000&siteCode=pl&start=25&num=12&sort=newest&onlyFilterInfoYN=N&keySummaryYN=Y&shopType=b2bhybris
2022-09-26 15:55:56 error: Get Json error : https://searchapi-preqa2.samsung.com/v6/front/b2b/product/finder?type=07020000&siteCode=pl&start=25&num=12&sort=newest&onlyFilterInfoYN=N&keySummaryYN=Y&shopType=b2bhybris
2022-09-26 15:55:56 error: Cannot Save API Data : https://searchapi-preqa2.samsung.com/v6/front/b2b/product/finder?type=07020000&siteCode=pl&start=25&num=12&sort=newest&onlyFilterInfoYN=N&keySummaryYN=Y&shopType=b2bhybris
2022-09-26 15:55:56 info: Retry Get Json [Retry: 1] : https://searchapi-preqa2.samsung.com/v6/front/b2b/product/finder?type=07020000&siteCode=pl&start=25&num=12&sort=newest&onlyFilterInfoYN=N&keySummaryYN=Y&shopType=b2bhybris
2022-09-26 15:55:56 error: Get Json error : https://searchapi-preqa2.samsung.com/v6/front/b2b/product/finder?type=07020000&siteCode=pl&start=25&num=12&sort=newest&onlyFilterInfoYN=N&keySummaryYN=Y&shopType=b2bhybris
2022-09-26 15:55:56 info: Retry Get Json [Retry: 2] : https://searchapi-preqa2.samsung.com/v6/front/b2b/product/finder?type=07020000&siteCode=pl&start=25&num=12&sort=newest&onlyFilterInfoYN=N&keySummaryYN=Y&shopType=b2bhybris
2022-09-26 15:55:56 error: Get Json error : https://searchapi-preqa2.samsung.com/v6/front/b2b/product/finder?type=07020000&siteCode=pl&start=25&num=12&sort=newest&onlyFilterInfoYN=N&keySummaryYN=Y&shopType=b2bhybris
2022-09-26 15:55:56 info: Retry Get Json [Retry: 3] : https://searchapi-preqa2.samsung.com/v6/front/b2b/product/finder?type=07020000&siteCode=pl&start=25&num=12&sort=newest&onlyFilterInfoYN=N&keySummaryYN=Y&shopType=b2bhybris
2022-09-26 15:55:56 error: Get Json error : https://searchapi-preqa2.samsung.com/v6/front/b2b/product/finder?type=07020000&siteCode=pl&start=25&num=12&sort=newest&onlyFilterInfoYN=N&keySummaryYN=Y&shopType=b2bhybris
2022-09-26 15:55:56 info: Retry Get Json [Retry: 4] : https://searchapi-preqa2.samsung.com/v6/front/b2b/product/finder?type=07020000&siteCode=pl&start=25&num=12&sort=newest&onlyFilterInfoYN=N&keySummaryYN=Y&shopType=b2bhybris
2022-09-26 15:55:56 error: Get Json error : https://searchapi-preqa2.samsung.com/v6/front/b2b/product/finder?type=07020000&siteCode=pl&start=25&num=12&sort=newest&onlyFilterInfoYN=N&keySummaryYN=Y&shopType=b2bhybris
2022-09-26 15:55:56 error: Cannot Save API Data : https://searchapi-preqa2.samsung.com/v6/front/b2b/product/finder?type=07020000&siteCode=pl&start=25&num=12&sort=newest&onlyFilterInfoYN=N&keySummaryYN=Y&shopType=b2bhybris
2022-09-26 15:55:59 error: Get Json error : https://searchapi-preqa2.samsung.com/v6/front/b2b/product/finder?type=01010000&siteCode=sa_en&start=37&num=12&sort=newest&onlyFilterInfoYN=N&keySummaryYN=Y&shopType=b2bhybris
2022-09-26 15:55:59 error: Get Json error : https://searchapi-preqa2.samsung.com/v6/front/b2b/product/finder?type=01010000&siteCode=sa_en&start=37&num=12&sort=newest&onlyFilterInfoYN=N&keySummaryYN=Y&shopType=b2bhybris
2022-09-26 15:55:59 error: Get Json error : https://searchapi-preqa2.samsung.com/v6/front/b2b/product/finder?type=01010000&siteCode=sa_en&start=37&num=12&sort=newest&onlyFilterInfoYN=N&keySummaryYN=Y&shopType=b2bhybris
2022-09-26 15:55:59 info: Retry Get Json [Retry: 1] : https://searchapi-preqa2.samsung.com/v6/front/b2b/product/finder?type=01010000&siteCode=sa_en&start=37&num=12&sort=newest&onlyFilterInfoYN=N&keySummaryYN=Y&shopType=b2bhybris
2022-09-26 15:55:59 error: Get Json error : https://searchapi-preqa2.samsung.com/v6/front/b2b/product/finder?type=01010000&siteCode=sa_en&start=37&num=12&sort=newest&onlyFilterInfoYN=N&keySummaryYN=Y&shopType=b2bhybris
2022-09-26 15:55:59 error: Get Json error : https://searchapi-preqa2.samsung.com/v6/front/b2b/product/finder?type=01010000&siteCode=sa_en&start=37&num=12&sort=newest&onlyFilterInfoYN=N&keySummaryYN=Y&shopType=b2bhybris
2022-09-26 15:55:59 error: Get Json error : https://searchapi-preqa2.samsung.com/v6/front/b2b/product/finder?type=01010000&siteCode=sa_en&start=37&num=12&sort=newest&onlyFilterInfoYN=N&keySummaryYN=Y&shopType=b2bhybris
2022-09-26 15:55:59 info: Retry Get Json [Retry: 2] : https://searchapi-preqa2.samsung.com/v6/front/b2b/product/finder?type=01010000&siteCode=sa_en&start=37&num=12&sort=newest&onlyFilterInfoYN=N&keySummaryYN=Y&shopType=b2bhybris
2022-09-26 15:55:59 error: Get Json error : https://searchapi-preqa2.samsung.com/v6/front/b2b/product/finder?type=01010000&siteCode=sa_en&start=37&num=12&sort=newest&onlyFilterInfoYN=N&keySummaryYN=Y&shopType=b2bhybris
2022-09-26 15:55:59 info: Retry Get Json [Retry: 3] : https://searchapi-preqa2.samsung.com/v6/front/b2b/product/finder?type=01010000&siteCode=sa_en&start=37&num=12&sort=newest&onlyFilterInfoYN=N&keySummaryYN=Y&shopType=b2bhybris
2022-09-26 15:55:59 error: Get Json error : https://searchapi-preqa2.samsung.com/v6/front/b2b/product/finder?type=01010000&siteCode=sa_en&start=37&num=12&sort=newest&onlyFilterInfoYN=N&keySummaryYN=Y&shopType=b2bhybris
2022-09-26 15:55:59 info: Retry Get Json [Retry: 4] : https://searchapi-preqa2.samsung.com/v6/front/b2b/product/finder?type=01010000&siteCode=sa_en&start=37&num=12&sort=newest&onlyFilterInfoYN=N&keySummaryYN=Y&shopType=b2bhybris
2022-09-26 15:55:59 error: Get Json error : https://searchapi-preqa2.samsung.com/v6/front/b2b/product/finder?type=01010000&siteCode=sa_en&start=37&num=12&sort=newest&onlyFilterInfoYN=N&keySummaryYN=Y&shopType=b2bhybris
2022-09-26 15:55:59 error: Cannot Save API Data : https://searchapi-preqa2.samsung.com/v6/front/b2b/product/finder?type=01010000&siteCode=sa_en&start=37&num=12&sort=newest&onlyFilterInfoYN=N&keySummaryYN=Y&shopType=b2bhybris
2022-09-26 15:55:59 error: Get Json error : https://searchapi-preqa2.samsung.com/v6/front/b2b/product/finder?type=01010000&siteCode=sa_en&start=37&num=12&sort=newest&onlyFilterInfoYN=N&keySummaryYN=Y&shopType=b2bhybris
2022-09-26 15:55:59 error: Cannot Save API Data : https://searchapi-preqa2.samsung.com/v6/front/b2b/product/finder?type=01010000&siteCode=sa_en&start=37&num=12&sort=newest&onlyFilterInfoYN=N&keySummaryYN=Y&shopType=b2bhybris
